---
  0 debug pnpm:scope: 
    selected: 1
    workspacePrefix: null
  1 info pnpm: 
    message: "A store server is running. All store manipulations are delegated to it."
    prefix: "/app"
  2 debug pnpm:package-json: 
    initial: 
      name: "boilerplate-project-stockchecker"
      version: "0.0.1"
      description: "InfoSec project for freeCodeCamp"
      scripts: 
        start: "node server.js"
      dependencies: 
        body-parser: "^1.15.2"
        chai: "^4.2.0"
        chai-http: "^4.3.0"
        cors: "^2.8.1"
        dotenv: "^8.2.0"
        express: "^4.14.0"
        helmet: "^3.1.0"
        mocha: "^3.2.0"
      repository: 
        type: "git"
        url: "git+https://github.com/freeCodeCamp/boilerplate-project-stockchecker.git"
      keywords: 
        - "node"
        - "express"
      license: "MIT"
      readme: "# Stock Price Checker\n\nThis is the boilerplate for the Stock Price Checker project. Instructions for building your project can be found at https://freecodecamp.org/learn/information-security/information-security-projects/stock-price-checker\n"
      readmeFilename: "README.md"
      gitHead: "dd27208151dfd1c5b4dbe1490ea335ff3d47e7e2"
      bugs: 
        url: "https://github.com/freeCodeCamp/boilerplate-project-stockchecker/issues"
      homepage: "https://github.com/freeCodeCamp/boilerplate-project-stockchecker#readme"
      _id: "boilerplate-project-stockchecker@0.0.1"
    prefix: "/app"
  3 warn pnpm: 
    message: "Moving body-parser that was installed by a different package manager to \"node_modules/.ignored"
    prefix: "/app"
  4 error pnpm: 
    message: 
      errno: -39
      code: "ENOTEMPTY"
      syscall: "rename"
      path: "/rbd/pnpm-volume/12037eb0-79be-44a9-a7d5-61e5d80de634/node_modules/body-parser"
      dest: "/rbd/pnpm-volume/12037eb0-79be-44a9-a7d5-61e5d80de634/node_modules/.ignored/body-parser"
    err: 
      name: "Error"
      message: "ENOTEMPTY: directory not empty, rename '/rbd/pnpm-volume/12037eb0-79be-44a9-a7d5-61e5d80de634/node_modules/body-parser' -> '/rbd/pnpm-volume/12037eb0-79be-44a9-a7d5-61e5d80de634/node_modules/.ignored/body-parser'"
      code: "ENOTEMPTY"
      stack: "Error: ENOTEMPTY: directory not empty, rename '/rbd/pnpm-volume/12037eb0-79be-44a9-a7d5-61e5d80de634/node_modules/body-parser' -> '/rbd/pnpm-volume/12037eb0-79be-44a9-a7d5-61e5d80de634/node_modules/.ignored/body-parser'"
